<?xml version="1.0" encoding="UTF-8"?>
<!-- Generated by org.testng.reporters.JUnitReportReporter -->
<testsuite hostname="WIN-IOFUB9SC445" failures="0" tests="4" name="reqres.Reqres" time="4.771" errors="0" timestamp="2023-11-10T11:26:09 GMT-08:00" skipped="0">
  <testcase classname="reqres.Reqres" name="getUser" time="2.114"/>
  <testcase classname="reqres.Reqres" name="createUser" time="1.537"/>
  <testcase classname="reqres.Reqres" name="updateUser" time="0.535"/>
  <testcase classname="reqres.Reqres" name="deleteUser" time="0.585"/>
</testsuite> <!-- reqres.Reqres -->
