<?xml version="1.0" encoding="UTF-8"?>
<!-- Generated by org.testng.reporters.JUnitReportReporter -->
<testsuite hostname="WIN-IOFUB9SC445" failures="0" tests="5" name="studentsDb.StudentsCrud" time="2.629" errors="0" timestamp="2023-11-10T12:33:56 GMT-08:00" skipped="0">
  <testcase classname="studentsDb.StudentsCrud" name="CreateUser" time="2.378"/>
  <testcase classname="studentsDb.StudentsCrud" name="updateUser" time="0.097"/>
  <testcase classname="studentsDb.StudentsCrud" name="getUser" time="0.058"/>
  <testcase classname="studentsDb.StudentsCrud" name="delete" time="0.047"/>
  <testcase classname="studentsDb.StudentsCrud" name="getAllUser" time="0.049"/>
</testsuite> <!-- studentsDb.StudentsCrud -->
